build/outputs/logs/manifest-merger-debug-report.txt
-- Merging decision tree log ---
manifest
ADDED from 9220_bancard_cobranzas\9220_bancard_cobranzas\AndroidManifest.xml:2:1-180:12
INJECTED from 9220_bancard_cobranzas\9220_bancard_cobranzas\AndroidManifest.xml:2:1-180:12
INJECTED from 9220_bancard_cobranzas\9220_bancard_cobranzas\AndroidManifest.xml:2:1-180:12
INJECTED from 9220_bancard_cobranzas\9220_bancard_cobranzas\AndroidManifest.xml:2:1-180:12
MERGED from [com.github.zhou256bug:android-ninekeyboard-msater:v1.5] AndroidManifest.xml:2:1-27:12
MERGED from [com.github.zhou256bug:android-baserecyle-master:v1.1] AndroidManifest.xml:2:1-24:12
MERGED from [com.github.zhou256bug:android-popuplist-master:v1.1] AndroidManifest.xml:2:1-24:12
MERGED from [com.github.zhou256bug:android-admanager-master:v1.0] AndroidManifest.xml:2:1-24:12
MERGED from [com.android.support:design:26.1.0] AndroidManifest.xml:17:1-31:12
MERGED from [com.android.support:appcompat-v7:26.1.0] AndroidManifest.xml:17:1-31:12
MERGED from [com.android.support:recyclerview-v7:26.1.0] AndroidManifest.xml:17:1-28:12
MERGED from [com.github.f0ris.sweetalert:library:1.6.2] AndroidManifest.xml:2:1-13:12
MERGED from [com.android.support:cardview-v7:26.1.0] AndroidManifest.xml:17:1-28:12
MERGED from [com.journeyapps:zxing-android-embedded:3.2.0] AndroidManifest.xml:17:1-55:12
MERGED from [:bypay-20201229_androidV7:] AndroidManifest.xml:2:1-11:12
MERGED from [com.github.gcacace:signature-pad:1.2.1] AndroidManifest.xml:2:1-13:12
MERGED from [com.android.support:gridlayout-v7:26.1.0] AndroidManifest.xml:17:1-28:12
MERGED from [com.android.support:animated-vector-drawable:26.1.0] AndroidManifest.xml:17:1-28:12
MERGED from [com.android.support:support-vector-drawable:26.1.0] AndroidManifest.xml:17:1-28:12
MERGED from [com.android.support:transition:26.1.0] AndroidManifest.xml:17:1-28:12
MERGED from [com.android.databinding:adapters:1.2.1] AndroidManifest.xml:17:1-26:12
MERGED from [com.android.databinding:library:1.2.1] AndroidManifest.xml:17:1-26:12
MERGED from [com.android.support:support-v4:26.1.0] AndroidManifest.xml:17:1-31:12
MERGED from [com.android.support:support-fragment:26.1.0] AndroidManifest.xml:17:1-31:12
MERGED from [com.android.support:support-core-ui:26.1.0] AndroidManifest.xml:17:1-31:12
MERGED from [com.android.support:support-media-compat:26.1.0] AndroidManifest.xml:17:1-31:12
MERGED from [com.android.support:support-core-utils:26.1.0] AndroidManifest.xml:17:1-31:12
MERGED from [com.android.support:support-compat:26.1.0] AndroidManifest.xml:17:1-31:12
MERGED from [com.pnikosis:materialish-progress:1.7] AndroidManifest.xml:2:1-13:12
MERGED from [android.arch.lifecycle:runtime:1.0.0] AndroidManifest.xml:17:1-30:12
INJECTED from 9220_bancard_cobranzas\9220_bancard_cobranzas\AndroidManifest.xml:2:1-180:12
INJECTED from 9220_bancard_cobranzas\9220_bancard_cobranzas\AndroidManifest.xml:2:1-180:12
INJECTED from 9220_bancard_cobranzas\9220_bancard_cobranzas\AndroidManifest.xml:2:1-180:12
	package
		ADDED from 9220_bancard_cobranzas\9220_bancard_cobranzas\AndroidManifest.xml:4:5-34
		INJECTED from 9220_bancard_cobranzas\9220_bancard_cobranzas\AndroidManifest.xml
		INJECTED from 9220_bancard_cobranzas\9220_bancard_cobranzas\AndroidManifest.xml
	android:versionName
		ADDED from 9220_bancard_cobranzas\9220_bancard_cobranzas\AndroidManifest.xml:6:5-30
		INJECTED from 9220_bancard_cobranzas\9220_bancard_cobranzas\AndroidManifest.xml
		INJECTED from 9220_bancard_cobranzas\9220_bancard_cobranzas\AndroidManifest.xml
	xmlns:tools
		ADDED from 9220_bancard_cobranzas\9220_bancard_cobranzas\AndroidManifest.xml:3:5-51
	xmlns:android
		ADDED from 9220_bancard_cobranzas\9220_bancard_cobranzas\AndroidManifest.xml:2:11-69
	android:versionCode
		ADDED from 9220_bancard_cobranzas\9220_bancard_cobranzas\AndroidManifest.xml:5:5-28
		INJECTED from 9220_bancard_cobranzas\9220_bancard_cobranzas\AndroidManifest.xml
		INJECTED from 9220_bancard_cobranzas\9220_bancard_cobranzas\AndroidManifest.xml
supports-screens
ADDED from 9220_bancard_cobranzas\9220_bancard_cobranzas\AndroidManifest.xml:8:5-13:39
	android:largeScreens
		ADDED from 9220_bancard_cobranzas\9220_bancard_cobranzas\AndroidManifest.xml:10:9-36
	android:smallScreens
		ADDED from 9220_bancard_cobranzas\9220_bancard_cobranzas\AndroidManifest.xml:13:9-36
	android:normalScreens
		ADDED from 9220_bancard_cobranzas\9220_bancard_cobranzas\AndroidManifest.xml:11:9-37
	android:resizeable
		ADDED from 9220_bancard_cobranzas\9220_bancard_cobranzas\AndroidManifest.xml:12:9-34
	android:anyDensity
		ADDED from 9220_bancard_cobranzas\9220_bancard_cobranzas\AndroidManifest.xml:9:9-34
uses-permission#android.permission.WRITE_CALENDAR
ADDED from 9220_bancard_cobranzas\9220_bancard_cobranzas\AndroidManifest.xml:14:5-73
	android:name
		ADDED from 9220_bancard_cobranzas\9220_bancard_cobranzas\AndroidManifest.xml:14:22-70
uses-permission#android.permission.READ_CALENDAR
ADDED from 9220_bancard_cobranzas\9220_bancard_cobranzas\AndroidManifest.xml:15:5-72
	android:name
		ADDED from 9220_bancard_cobranzas\9220_bancard_cobranzas\AndroidManifest.xml:15:22-69
uses-permission#android.permission.FOREGROUND_SERVICE
ADDED from 9220_bancard_cobranzas\9220_bancard_cobranzas\AndroidManifest.xml:16:5-77
	android:name
		ADDED from 9220_bancard_cobranzas\9220_bancard_cobranzas\AndroidManifest.xml:16:22-74
uses-permission#android.permission.WAKE_LOCK
ADDED from 9220_bancard_cobranzas\9220_bancard_cobranzas\AndroidManifest.xml:17:5-68
	android:name
		ADDED from 9220_bancard_cobranzas\9220_bancard_cobranzas\AndroidManifest.xml:17:22-65
uses-permission#com.google.android.c2dm.permission.RECEIVE
ADDED from 9220_bancard_cobranzas\9220_bancard_cobranzas\AndroidManifest.xml:18:5-82
	android:name
		ADDED from 9220_bancard_cobranzas\9220_bancard_cobranzas\AndroidManifest.xml:18:22-79
uses-permission#com.google.android.gms.permission.ACTIVITY_RECOGNITION
ADDED from 9220_bancard_cobranzas\9220_bancard_cobranzas\AndroidManifest.xml:19:5-94
	android:name
		ADDED from 9220_bancard_cobranzas\9220_bancard_cobranzas\AndroidManifest.xml:19:22-91
uses-permission#android.permission.VIBRATE
ADDED from 9220_bancard_cobranzas\9220_bancard_cobranzas\AndroidManifest.xml:20:5-66
	android:name
		ADDED from 9220_bancard_cobranzas\9220_bancard_cobranzas\AndroidManifest.xml:20:22-63
uses-permission#android.permission.DISABLE_KEYGUARD
ADDED from 9220_bancard_cobranzas\9220_bancard_cobranzas\AndroidManifest.xml:21:5-75
	android:name
		ADDED from 9220_bancard_cobranzas\9220_bancard_cobranzas\AndroidManifest.xml:21:22-72
uses-permission#android.permission.ACCESS_NETWORK_STATE
ADDED from 9220_bancard_cobranzas\9220_bancard_cobranzas\AndroidManifest.xml:22:5-79
	android:name
		ADDED from 9220_bancard_cobranzas\9220_bancard_cobranzas\AndroidManifest.xml:22:22-76
uses-permission#android.permission.INTERNET
ADDED from 9220_bancard_cobranzas\9220_bancard_cobranzas\AndroidManifest.xml:23:5-67
	android:name
		ADDED from 9220_bancard_cobranzas\9220_bancard_cobranzas\AndroidManifest.xml:23:22-64
uses-permission#android.permission.ACCESS_WIFI_STATE
ADDED from 9220_bancard_cobranzas\9220_bancard_cobranzas\AndroidManifest.xml:24:5-76
	android:name
		ADDED from 9220_bancard_cobranzas\9220_bancard_cobranzas\AndroidManifest.xml:24:22-73
uses-permission#android.permission.CHANGE_WIFI_STATE
ADDED from 9220_bancard_cobranzas\9220_bancard_cobranzas\AndroidManifest.xml:25:5-76
	android:name
		ADDED from 9220_bancard_cobranzas\9220_bancard_cobranzas\AndroidManifest.xml:25:22-73
uses-permission#android.permission.READ_PHONE_STATE
ADDED from 9220_bancard_cobranzas\9220_bancard_cobranzas\AndroidManifest.xml:26:5-75
	android:name
		ADDED from 9220_bancard_cobranzas\9220_bancard_cobranzas\AndroidManifest.xml:26:22-72
uses-permission#android.permission.READ_EXTERNAL_STORAGE
ADDED from 9220_bancard_cobranzas\9220_bancard_cobranzas\AndroidManifest.xml:27:5-80
	android:name
		ADDED from 9220_bancard_cobranzas\9220_bancard_cobranzas\AndroidManifest.xml:27:22-77
uses-permission#android.permission.WRITE_EXTERNAL_STORAGE
ADDED from 9220_bancard_cobranzas\9220_bancard_cobranzas\AndroidManifest.xml:28:5-81
	android:name
		ADDED from 9220_bancard_cobranzas\9220_bancard_cobranzas\AndroidManifest.xml:28:22-78
uses-permission#android.permission.SYSTEM_ALERT_WINDOW
ADDED from 9220_bancard_cobranzas\9220_bancard_cobranzas\AndroidManifest.xml:29:5-78
	android:name
		ADDED from 9220_bancard_cobranzas\9220_bancard_cobranzas\AndroidManifest.xml:29:22-75
uses-permission#android.permission.SYSTEM_OVERLAY_WINDOW
ADDED from 9220_bancard_cobranzas\9220_bancard_cobranzas\AndroidManifest.xml:30:5-80
	android:name
		ADDED from 9220_bancard_cobranzas\9220_bancard_cobranzas\AndroidManifest.xml:30:22-77
uses-permission#android.permission.WRITE_SETTINGS
ADDED from 9220_bancard_cobranzas\9220_bancard_cobranzas\AndroidManifest.xml:31:5-33:47
	tools:ignore
		ADDED from 9220_bancard_cobranzas\9220_bancard_cobranzas\AndroidManifest.xml:33:9-44
	android:name
		ADDED from 9220_bancard_cobranzas\9220_bancard_cobranzas\AndroidManifest.xml:32:9-57
uses-permission#android.permission.CAMERA
ADDED from 9220_bancard_cobranzas\9220_bancard_cobranzas\AndroidManifest.xml:34:5-65
MERGED from [com.journeyapps:zxing-android-embedded:3.2.0] AndroidManifest.xml:21:5-65
MERGED from [com.journeyapps:zxing-android-embedded:3.2.0] AndroidManifest.xml:21:5-65
	android:name
		ADDED from 9220_bancard_cobranzas\9220_bancard_cobranzas\AndroidManifest.xml:34:22-62
uses-permission#android.permission.RECEIVE_BOOT_COMPLETED
ADDED from 9220_bancard_cobranzas\9220_bancard_cobranzas\AndroidManifest.xml:35:5-81
	android:name
		ADDED from 9220_bancard_cobranzas\9220_bancard_cobranzas\AndroidManifest.xml:35:22-78
uses-permission#android.permission.ACCESS_FINE_LOCATION
ADDED from 9220_bancard_cobranzas\9220_bancard_cobranzas\AndroidManifest.xml:36:5-79
	android:name
		ADDED from 9220_bancard_cobranzas\9220_bancard_cobranzas\AndroidManifest.xml:36:22-76
uses-permission#android.permission.ACCESS_COARSE_LOCATION
ADDED from 9220_bancard_cobranzas\9220_bancard_cobranzas\AndroidManifest.xml:37:5-81
	android:name
		ADDED from 9220_bancard_cobranzas\9220_bancard_cobranzas\AndroidManifest.xml:37:22-78
uses-feature#android.hardware.camera
ADDED from 9220_bancard_cobranzas\9220_bancard_cobranzas\AndroidManifest.xml:38:5-40:36
MERGED from [com.journeyapps:zxing-android-embedded:3.2.0] AndroidManifest.xml:24:5-26:36
MERGED from [com.journeyapps:zxing-android-embedded:3.2.0] AndroidManifest.xml:24:5-26:36
	android:required
		ADDED from 9220_bancard_cobranzas\9220_bancard_cobranzas\AndroidManifest.xml:40:9-33
	android:name
		ADDED from 9220_bancard_cobranzas\9220_bancard_cobranzas\AndroidManifest.xml:39:9-47
uses-feature#android.hardware.camera.front
ADDED from 9220_bancard_cobranzas\9220_bancard_cobranzas\AndroidManifest.xml:41:5-43:36
MERGED from [com.journeyapps:zxing-android-embedded:3.2.0] AndroidManifest.xml:27:5-29:36
MERGED from [com.journeyapps:zxing-android-embedded:3.2.0] AndroidManifest.xml:27:5-29:36
	android:required
		ADDED from 9220_bancard_cobranzas\9220_bancard_cobranzas\AndroidManifest.xml:43:9-33
	android:name
		ADDED from 9220_bancard_cobranzas\9220_bancard_cobranzas\AndroidManifest.xml:42:9-53
uses-feature#android.hardware.camera.autofocus
ADDED from 9220_bancard_cobranzas\9220_bancard_cobranzas\AndroidManifest.xml:45:5-47:36
MERGED from [com.journeyapps:zxing-android-embedded:3.2.0] AndroidManifest.xml:32:5-34:36
MERGED from [com.journeyapps:zxing-android-embedded:3.2.0] AndroidManifest.xml:32:5-34:36
	android:required
		ADDED from 9220_bancard_cobranzas\9220_bancard_cobranzas\AndroidManifest.xml:47:9-33
	android:name
		ADDED from 9220_bancard_cobranzas\9220_bancard_cobranzas\AndroidManifest.xml:46:9-57
uses-feature#android.hardware.camera.flash
ADDED from 9220_bancard_cobranzas\9220_bancard_cobranzas\AndroidManifest.xml:48:5-50:36
MERGED from [com.journeyapps:zxing-android-embedded:3.2.0] AndroidManifest.xml:35:5-37:36
MERGED from [com.journeyapps:zxing-android-embedded:3.2.0] AndroidManifest.xml:35:5-37:36
	android:required
		ADDED from 9220_bancard_cobranzas\9220_bancard_cobranzas\AndroidManifest.xml:50:9-33
	android:name
		ADDED from 9220_bancard_cobranzas\9220_bancard_cobranzas\AndroidManifest.xml:49:9-53
uses-feature#android.hardware.screen.landscape
ADDED from 9220_bancard_cobranzas\9220_bancard_cobranzas\AndroidManifest.xml:51:5-70
MERGED from [com.journeyapps:zxing-android-embedded:3.2.0] AndroidManifest.xml:38:5-40:36
MERGED from [com.journeyapps:zxing-android-embedded:3.2.0] AndroidManifest.xml:38:5-40:36
	android:name
		ADDED from 9220_bancard_cobranzas\9220_bancard_cobranzas\AndroidManifest.xml:51:19-67
uses-feature#android.hardware.wifi
ADDED from 9220_bancard_cobranzas\9220_bancard_cobranzas\AndroidManifest.xml:52:5-54:36
MERGED from [com.journeyapps:zxing-android-embedded:3.2.0] AndroidManifest.xml:41:5-43:36
MERGED from [com.journeyapps:zxing-android-embedded:3.2.0] AndroidManifest.xml:41:5-43:36
	android:required
		ADDED from 9220_bancard_cobranzas\9220_bancard_cobranzas\AndroidManifest.xml:54:9-33
	android:name
		ADDED from 9220_bancard_cobranzas\9220_bancard_cobranzas\AndroidManifest.xml:53:9-45
uses-feature#android.hardware.touchscreen
ADDED from 9220_bancard_cobranzas\9220_bancard_cobranzas\AndroidManifest.xml:55:5-65
	android:name
		ADDED from 9220_bancard_cobranzas\9220_bancard_cobranzas\AndroidManifest.xml:55:19-62
application
ADDED from 9220_bancard_cobranzas\9220_bancard_cobranzas\AndroidManifest.xml:57:5-178:19
MERGED from [com.android.support:design:26.1.0] AndroidManifest.xml:25:5-29:19
MERGED from [com.android.support:design:26.1.0] AndroidManifest.xml:25:5-29:19
MERGED from [com.android.support:appcompat-v7:26.1.0] AndroidManifest.xml:25:5-29:19
MERGED from [com.android.support:appcompat-v7:26.1.0] AndroidManifest.xml:25:5-29:19
MERGED from [com.android.support:recyclerview-v7:26.1.0] AndroidManifest.xml:22:5-26:19
MERGED from [com.android.support:recyclerview-v7:26.1.0] AndroidManifest.xml:22:5-26:19
MERGED from [com.github.f0ris.sweetalert:library:1.6.2] AndroidManifest.xml:11:5-20
MERGED from [com.github.f0ris.sweetalert:library:1.6.2] AndroidManifest.xml:11:5-20
MERGED from [com.android.support:cardview-v7:26.1.0] AndroidManifest.xml:22:5-26:19
MERGED from [com.android.support:cardview-v7:26.1.0] AndroidManifest.xml:22:5-26:19
MERGED from [com.journeyapps:zxing-android-embedded:3.2.0] AndroidManifest.xml:45:5-53:19
MERGED from [com.journeyapps:zxing-android-embedded:3.2.0] AndroidManifest.xml:45:5-53:19
MERGED from [com.github.gcacace:signature-pad:1.2.1] AndroidManifest.xml:11:5-20
MERGED from [com.github.gcacace:signature-pad:1.2.1] AndroidManifest.xml:11:5-20
MERGED from [com.android.support:gridlayout-v7:26.1.0] AndroidManifest.xml:22:5-26:19
MERGED from [com.android.support:gridlayout-v7:26.1.0] AndroidManifest.xml:22:5-26:19
MERGED from [com.android.support:animated-vector-drawable:26.1.0] AndroidManifest.xml:22:5-26:19
MERGED from [com.android.support:animated-vector-drawable:26.1.0] AndroidManifest.xml:22:5-26:19
MERGED from [com.android.support:support-vector-drawable:26.1.0] AndroidManifest.xml:22:5-26:19
MERGED from [com.android.support:support-vector-drawable:26.1.0] AndroidManifest.xml:22:5-26:19
MERGED from [com.android.support:transition:26.1.0] AndroidManifest.xml:22:5-26:19
MERGED from [com.android.support:transition:26.1.0] AndroidManifest.xml:22:5-26:19
MERGED from [com.android.support:support-v4:26.1.0] AndroidManifest.xml:25:5-29:19
MERGED from [com.android.support:support-v4:26.1.0] AndroidManifest.xml:25:5-29:19
MERGED from [com.android.support:support-fragment:26.1.0] AndroidManifest.xml:25:5-29:19
MERGED from [com.android.support:support-fragment:26.1.0] AndroidManifest.xml:25:5-29:19
MERGED from [com.android.support:support-core-ui:26.1.0] AndroidManifest.xml:25:5-29:19
MERGED from [com.android.support:support-core-ui:26.1.0] AndroidManifest.xml:25:5-29:19
MERGED from [com.android.support:support-media-compat:26.1.0] AndroidManifest.xml:25:5-29:19
MERGED from [com.android.support:support-media-compat:26.1.0] AndroidManifest.xml:25:5-29:19
MERGED from [com.android.support:support-core-utils:26.1.0] AndroidManifest.xml:25:5-29:19
MERGED from [com.android.support:support-core-utils:26.1.0] AndroidManifest.xml:25:5-29:19
MERGED from [com.android.support:support-compat:26.1.0] AndroidManifest.xml:25:5-29:19
MERGED from [com.android.support:support-compat:26.1.0] AndroidManifest.xml:25:5-29:19
MERGED from [com.pnikosis:materialish-progress:1.7] AndroidManifest.xml:11:5-20
MERGED from [com.pnikosis:materialish-progress:1.7] AndroidManifest.xml:11:5-20
MERGED from [android.arch.lifecycle:runtime:1.0.0] AndroidManifest.xml:24:5-28:19
MERGED from [android.arch.lifecycle:runtime:1.0.0] AndroidManifest.xml:24:5-28:19
	android:label
		ADDED from 9220_bancard_cobranzas\9220_bancard_cobranzas\AndroidManifest.xml:61:9-41
	android:largeHeap
		ADDED from 9220_bancard_cobranzas\9220_bancard_cobranzas\AndroidManifest.xml:62:9-33
	android:icon
		ADDED from 9220_bancard_cobranzas\9220_bancard_cobranzas\AndroidManifest.xml:60:9-43
	android:allowBackup
		ADDED from 9220_bancard_cobranzas\9220_bancard_cobranzas\AndroidManifest.xml:59:9-35
	android:theme
		ADDED from 9220_bancard_cobranzas\9220_bancard_cobranzas\AndroidManifest.xml:63:9-40
	android:name
		ADDED from 9220_bancard_cobranzas\9220_bancard_cobranzas\AndroidManifest.xml:58:9-66
activity#com.cobranzas.PermissionActivity
ADDED from 9220_bancard_cobranzas\9220_bancard_cobranzas\AndroidManifest.xml:64:9-78
	android:name
		ADDED from 9220_bancard_cobranzas\9220_bancard_cobranzas\AndroidManifest.xml:64:19-66
activity#com.cobranzas.actividades.CasteoAplicacionAtivity
ADDED from 9220_bancard_cobranzas\9220_bancard_cobranzas\AndroidManifest.xml:65:9-86
	android:name
		ADDED from 9220_bancard_cobranzas\9220_bancard_cobranzas\AndroidManifest.xml:65:19-83
activity#com.cobranzas.actividades.FalloConexionActivity
ADDED from 9220_bancard_cobranzas\9220_bancard_cobranzas\AndroidManifest.xml:66:9-84
	android:name
		ADDED from 9220_bancard_cobranzas\9220_bancard_cobranzas\AndroidManifest.xml:66:19-81
activity#com.cobranzas.cajas.VsErrorCaja
ADDED from 9220_bancard_cobranzas\9220_bancard_cobranzas\AndroidManifest.xml:67:9-68
	android:name
		ADDED from 9220_bancard_cobranzas\9220_bancard_cobranzas\AndroidManifest.xml:67:19-65
activity#com.cobranzas.actividades.DetallesInicializacionActivity
ADDED from 9220_bancard_cobranzas\9220_bancard_cobranzas\AndroidManifest.xml:68:9-93
	android:name
		ADDED from 9220_bancard_cobranzas\9220_bancard_cobranzas\AndroidManifest.xml:68:19-90
uses-library#com.pos.device
ADDED from 9220_bancard_cobranzas\9220_bancard_cobranzas\AndroidManifest.xml:70:9-55
	android:name
		ADDED from 9220_bancard_cobranzas\9220_bancard_cobranzas\AndroidManifest.xml:70:23-52
activity#cn.desert.newpos.payui.master.MasterControl
ADDED from 9220_bancard_cobranzas\9220_bancard_cobranzas\AndroidManifest.xml:82:9-96:20
	android:supportsRtl
		ADDED from 9220_bancard_cobranzas\9220_bancard_cobranzas\AndroidManifest.xml:88:13-39
	android:multiprocess
		ADDED from 9220_bancard_cobranzas\9220_bancard_cobranzas\AndroidManifest.xml:87:13-40
	android:hardwareAccelerated
		ADDED from 9220_bancard_cobranzas\9220_bancard_cobranzas\AndroidManifest.xml:85:13-48
	android:windowSoftInputMode
		ADDED from 9220_bancard_cobranzas\9220_bancard_cobranzas\AndroidManifest.xml:90:13-56
	android:configChanges
		ADDED from 9220_bancard_cobranzas\9220_bancard_cobranzas\AndroidManifest.xml:84:13-74
	android:largeHeap
		ADDED from 9220_bancard_cobranzas\9220_bancard_cobranzas\AndroidManifest.xml:86:13-37
	android:theme
		ADDED from 9220_bancard_cobranzas\9220_bancard_cobranzas\AndroidManifest.xml:89:13-49
	android:name
		ADDED from 9220_bancard_cobranzas\9220_bancard_cobranzas\AndroidManifest.xml:83:13-71
intent-filter#action:name:android.intent.action.MAIN+category:name:android.intent.category.DEFAULT
ADDED from 9220_bancard_cobranzas\9220_bancard_cobranzas\AndroidManifest.xml:91:13-95:29
action#android.intent.action.MAIN
ADDED from 9220_bancard_cobranzas\9220_bancard_cobranzas\AndroidManifest.xml:92:17-69
	android:name
		ADDED from 9220_bancard_cobranzas\9220_bancard_cobranzas\AndroidManifest.xml:92:25-66
category#android.intent.category.DEFAULT
ADDED from 9220_bancard_cobranzas\9220_bancard_cobranzas\AndroidManifest.xml:94:17-76
	android:name
		ADDED from 9220_bancard_cobranzas\9220_bancard_cobranzas\AndroidManifest.xml:94:27-73
activity#cn.desert.newpos.payui.master.ResultControl
ADDED from 9220_bancard_cobranzas\9220_bancard_cobranzas\AndroidManifest.xml:97:9-107:20
	android:launchMode
		ADDED from 9220_bancard_cobranzas\9220_bancard_cobranzas\AndroidManifest.xml:100:13-44
	android:windowSoftInputMode
		ADDED from 9220_bancard_cobranzas\9220_bancard_cobranzas\AndroidManifest.xml:101:13-54
	android:configChanges
		ADDED from 9220_bancard_cobranzas\9220_bancard_cobranzas\AndroidManifest.xml:99:13-92
	android:name
		ADDED from 9220_bancard_cobranzas\9220_bancard_cobranzas\AndroidManifest.xml:98:13-71
activity#cn.desert.newpos.payui.transrecord.HistoryTrans
ADDED from 9220_bancard_cobranzas\9220_bancard_cobranzas\AndroidManifest.xml:108:9-119:20
	android:multiprocess
		ADDED from 9220_bancard_cobranzas\9220_bancard_cobranzas\AndroidManifest.xml:111:13-40
	android:windowSoftInputMode
		ADDED from 9220_bancard_cobranzas\9220_bancard_cobranzas\AndroidManifest.xml:113:13-67
	android:configChanges
		ADDED from 9220_bancard_cobranzas\9220_bancard_cobranzas\AndroidManifest.xml:110:13-74
	android:theme
		ADDED from 9220_bancard_cobranzas\9220_bancard_cobranzas\AndroidManifest.xml:112:13-49
	android:name
		ADDED from 9220_bancard_cobranzas\9220_bancard_cobranzas\AndroidManifest.xml:109:13-75
activity#com.cobranzas.actividades.StartAppBANCARD
ADDED from 9220_bancard_cobranzas\9220_bancard_cobranzas\AndroidManifest.xml:120:9-129:20
	android:theme
		ADDED from 9220_bancard_cobranzas\9220_bancard_cobranzas\AndroidManifest.xml:122:13-47
	android:name
		ADDED from 9220_bancard_cobranzas\9220_bancard_cobranzas\AndroidManifest.xml:121:13-69
intent-filter#action:name:android.intent.action.MAIN+category:name:android.intent.category.DEFAULT+category:name:android.intent.category.LAUNCHER
ADDED from 9220_bancard_cobranzas\9220_bancard_cobranzas\AndroidManifest.xml:123:13-128:29
category#android.intent.category.LAUNCHER
ADDED from 9220_bancard_cobranzas\9220_bancard_cobranzas\AndroidManifest.xml:127:17-77
	android:name
		ADDED from 9220_bancard_cobranzas\9220_bancard_cobranzas\AndroidManifest.xml:127:27-74
activity#com.cobranzas.keys.PwMasterKey
ADDED from 9220_bancard_cobranzas\9220_bancard_cobranzas\AndroidManifest.xml:130:9-67
	android:name
		ADDED from 9220_bancard_cobranzas\9220_bancard_cobranzas\AndroidManifest.xml:130:19-64
activity#com.cobranzas.keys.InjectMasterKey
ADDED from 9220_bancard_cobranzas\9220_bancard_cobranzas\AndroidManifest.xml:131:9-71
	android:name
		ADDED from 9220_bancard_cobranzas\9220_bancard_cobranzas\AndroidManifest.xml:131:19-68
activity#com.cobranzas.menus.menus
ADDED from 9220_bancard_cobranzas\9220_bancard_cobranzas\AndroidManifest.xml:132:9-62
	android:name
		ADDED from 9220_bancard_cobranzas\9220_bancard_cobranzas\AndroidManifest.xml:132:19-59
activity#com.cobranzas.inicializacion.trans_init.Init
ADDED from 9220_bancard_cobranzas\9220_bancard_cobranzas\AndroidManifest.xml:133:9-81
	android:name
		ADDED from 9220_bancard_cobranzas\9220_bancard_cobranzas\AndroidManifest.xml:133:19-78
activity#com.cobranzas.keys.PwOperario
ADDED from 9220_bancard_cobranzas\9220_bancard_cobranzas\AndroidManifest.xml:134:9-66
	android:name
		ADDED from 9220_bancard_cobranzas\9220_bancard_cobranzas\AndroidManifest.xml:134:19-63
activity#com.cobranzas.printer.PrintParameter
ADDED from 9220_bancard_cobranzas\9220_bancard_cobranzas\AndroidManifest.xml:135:9-73
	android:name
		ADDED from 9220_bancard_cobranzas\9220_bancard_cobranzas\AndroidManifest.xml:135:19-70
activity#com.cobranzas.actividades.ConfiActivity
ADDED from 9220_bancard_cobranzas\9220_bancard_cobranzas\AndroidManifest.xml:136:9-76
	android:name
		ADDED from 9220_bancard_cobranzas\9220_bancard_cobranzas\AndroidManifest.xml:136:19-73
activity#com.cobranzas.menus.TecladoSiempreActivity
ADDED from 9220_bancard_cobranzas\9220_bancard_cobranzas\AndroidManifest.xml:137:9-79
	android:name
		ADDED from 9220_bancard_cobranzas\9220_bancard_cobranzas\AndroidManifest.xml:137:19-76
activity#com.cobranzas.actividades.MainActivity
ADDED from 9220_bancard_cobranzas\9220_bancard_cobranzas\AndroidManifest.xml:138:9-75
	android:name
		ADDED from 9220_bancard_cobranzas\9220_bancard_cobranzas\AndroidManifest.xml:138:19-72
activity#com.cobranzas.menus.MenusActivity
ADDED from 9220_bancard_cobranzas\9220_bancard_cobranzas\AndroidManifest.xml:139:9-140:54
	android:windowSoftInputMode
		ADDED from 9220_bancard_cobranzas\9220_bancard_cobranzas\AndroidManifest.xml:140:13-52
	android:name
		ADDED from 9220_bancard_cobranzas\9220_bancard_cobranzas\AndroidManifest.xml:139:19-67
activity#com.cobranzas.actividades.InfoActivity
ADDED from 9220_bancard_cobranzas\9220_bancard_cobranzas\AndroidManifest.xml:141:9-75
	android:name
		ADDED from 9220_bancard_cobranzas\9220_bancard_cobranzas\AndroidManifest.xml:141:19-72
activity#com.cobranzas.actividades.ConfiguracionComercioActivity
ADDED from 9220_bancard_cobranzas\9220_bancard_cobranzas\AndroidManifest.xml:142:9-92
	android:name
		ADDED from 9220_bancard_cobranzas\9220_bancard_cobranzas\AndroidManifest.xml:142:19-89
activity#com.cobranzas.actividades.ConfiguracionTecnicoActivity
ADDED from 9220_bancard_cobranzas\9220_bancard_cobranzas\AndroidManifest.xml:143:9-91
	android:name
		ADDED from 9220_bancard_cobranzas\9220_bancard_cobranzas\AndroidManifest.xml:143:19-88
activity#com.cobranzas.actividades.ConfiWifiActivity
ADDED from 9220_bancard_cobranzas\9220_bancard_cobranzas\AndroidManifest.xml:144:9-80
	android:name
		ADDED from 9220_bancard_cobranzas\9220_bancard_cobranzas\AndroidManifest.xml:144:19-77
activity#com.cobranzas.actividades.ConfiWifiDirectoAcitvity
ADDED from 9220_bancard_cobranzas\9220_bancard_cobranzas\AndroidManifest.xml:145:9-87
	android:name
		ADDED from 9220_bancard_cobranzas\9220_bancard_cobranzas\AndroidManifest.xml:145:19-84
activity#com.cobranzas.actividades.ConectarPorDominioActivity
ADDED from 9220_bancard_cobranzas\9220_bancard_cobranzas\AndroidManifest.xml:146:9-89
	android:name
		ADDED from 9220_bancard_cobranzas\9220_bancard_cobranzas\AndroidManifest.xml:146:19-86
activity#com.cobranzas.actividades.ConfigRedActivity
ADDED from 9220_bancard_cobranzas\9220_bancard_cobranzas\AndroidManifest.xml:147:9-80
	android:name
		ADDED from 9220_bancard_cobranzas\9220_bancard_cobranzas\AndroidManifest.xml:147:19-77
service#com.cobranzas.tools.RebootServiceClass
ADDED from 9220_bancard_cobranzas\9220_bancard_cobranzas\AndroidManifest.xml:148:9-74
	android:name
		ADDED from 9220_bancard_cobranzas\9220_bancard_cobranzas\AndroidManifest.xml:148:18-71
receiver#com.cobranzas.startboot.StartBoot
ADDED from 9220_bancard_cobranzas\9220_bancard_cobranzas\AndroidManifest.xml:150:9-159:20
	android:enabled
		ADDED from 9220_bancard_cobranzas\9220_bancard_cobranzas\AndroidManifest.xml:152:13-35
	android:permission
		ADDED from 9220_bancard_cobranzas\9220_bancard_cobranzas\AndroidManifest.xml:153:13-75
	android:name
		ADDED from 9220_bancard_cobranzas\9220_bancard_cobranzas\AndroidManifest.xml:151:13-61
intent-filter#action:name:android.intent.action.BOOT_COMPLETED+category:name:android.intent.category.HOME
ADDED from 9220_bancard_cobranzas\9220_bancard_cobranzas\AndroidManifest.xml:154:13-158:29
	android:priority
		ADDED from 9220_bancard_cobranzas\9220_bancard_cobranzas\AndroidManifest.xml:154:28-50
action#android.intent.action.BOOT_COMPLETED
ADDED from 9220_bancard_cobranzas\9220_bancard_cobranzas\AndroidManifest.xml:155:17-79
	android:name
		ADDED from 9220_bancard_cobranzas\9220_bancard_cobranzas\AndroidManifest.xml:155:25-76
category#android.intent.category.HOME
ADDED from 9220_bancard_cobranzas\9220_bancard_cobranzas\AndroidManifest.xml:157:17-73
	android:name
		ADDED from 9220_bancard_cobranzas\9220_bancard_cobranzas\AndroidManifest.xml:157:27-70
receiver#com.cobranzas.tools.AlarmReceiver
ADDED from 9220_bancard_cobranzas\9220_bancard_cobranzas\AndroidManifest.xml:160:9-162:38
	android:enabled
		ADDED from 9220_bancard_cobranzas\9220_bancard_cobranzas\AndroidManifest.xml:162:13-35
	android:name
		ADDED from 9220_bancard_cobranzas\9220_bancard_cobranzas\AndroidManifest.xml:161:13-61
service#com.cobranzas.tools.NotificationService
ADDED from 9220_bancard_cobranzas\9220_bancard_cobranzas\AndroidManifest.xml:164:9-166:38
	android:enabled
		ADDED from 9220_bancard_cobranzas\9220_bancard_cobranzas\AndroidManifest.xml:166:13-35
	android:name
		ADDED from 9220_bancard_cobranzas\9220_bancard_cobranzas\AndroidManifest.xml:165:13-67
receiver#com.cobranzas.tools.MyRebootReceiver
ADDED from 9220_bancard_cobranzas\9220_bancard_cobranzas\AndroidManifest.xml:169:9-173:20
	android:name
		ADDED from 9220_bancard_cobranzas\9220_bancard_cobranzas\AndroidManifest.xml:169:19-70
intent-filter#action:name:android.intent.action.BOOT_COMPLETED
ADDED from 9220_bancard_cobranzas\9220_bancard_cobranzas\AndroidManifest.xml:170:13-172:29
meta-data#preloaded_fonts
ADDED from 9220_bancard_cobranzas\9220_bancard_cobranzas\AndroidManifest.xml:175:9-177:57
	android:resource
		ADDED from 9220_bancard_cobranzas\9220_bancard_cobranzas\AndroidManifest.xml:177:13-54
	android:name
		ADDED from 9220_bancard_cobranzas\9220_bancard_cobranzas\AndroidManifest.xml:176:13-43
uses-sdk
INJECTED from 9220_bancard_cobranzas\9220_bancard_cobranzas\AndroidManifest.xml reason: use-sdk injection requested
INJECTED from 9220_bancard_cobranzas\9220_bancard_cobranzas\AndroidManifest.xml
INJECTED from 9220_bancard_cobranzas\9220_bancard_cobranzas\AndroidManifest.xml
MERGED from [com.github.zhou256bug:android-ninekeyboard-msater:v1.5] AndroidManifest.xml:23:5-25:41